<?xml version="1.0" encoding="UTF-8"?>
<testsuite name="com.kapila.demo.StudentManagementKapilaApplicationTests" tests="1" skipped="0" failures="0" errors="0" timestamp="2020-12-08T01:11:10" hostname="SLL013517" time="0.544">
  <properties/>
  <testcase name="contextLoads()" classname="com.kapila.demo.StudentManagementKapilaApplicationTests" time="0.544"/>
  <system-out><![CDATA[06:41:05.876 [Test worker] DEBUG org.springframework.test.context.BootstrapUtils - Instantiating CacheAwareContextLoaderDelegate from class [org.springframework.test.context.cache.DefaultCacheAwareContextLoaderDelegate]
06:41:05.894 [Test worker] DEBUG org.springframework.test.context.BootstrapUtils - Instantiating BootstrapContext using constructor [public org.springframework.test.context.support.DefaultBootstrapContext(java.lang.Class,org.springframework.test.context.CacheAwareContextLoaderDelegate)]
06:41:05.931 [Test worker] DEBUG org.springframework.test.context.BootstrapUtils - Instantiating TestContextBootstrapper for test class [com.kapila.demo.StudentManagementKapilaApplicationTests] from class [org.springframework.boot.test.context.SpringBootTestContextBootstrapper]
06:41:05.944 [Test worker] INFO org.springframework.boot.test.context.SpringBootTestContextBootstrapper - Neither @ContextConfiguration nor @ContextHierarchy found for test class [com.kapila.demo.StudentManagementKapilaApplicationTests], using SpringBootContextLoader
06:41:05.950 [Test worker] DEBUG org.springframework.test.context.support.AbstractContextLoader - Did not detect default resource location for test class [com.kapila.demo.StudentManagementKapilaApplicationTests]: class path resource [com/kapila/demo/StudentManagementKapilaApplicationTests-context.xml] does not exist
06:41:05.951 [Test worker] DEBUG org.springframework.test.context.support.AbstractContextLoader - Did not detect default resource location for test class [com.kapila.demo.StudentManagementKapilaApplicationTests]: class path resource [com/kapila/demo/StudentManagementKapilaApplicationTestsContext.groovy] does not exist
06:41:05.951 [Test worker] INFO org.springframework.test.context.support.AbstractContextLoader - Could not detect default resource locations for test class [com.kapila.demo.StudentManagementKapilaApplicationTests]: no resource found for suffixes {-context.xml, Context.groovy}.
06:41:05.952 [Test worker] INFO org.springframework.test.context.support.AnnotationConfigContextLoaderUtils - Could not detect default configuration classes for test class [com.kapila.demo.StudentManagementKapilaApplicationTests]: StudentManagementKapilaApplicationTests does not declare any static, non-private, non-final, nested classes annotated with @Configuration.
06:41:06.007 [Test worker] DEBUG org.springframework.test.context.support.ActiveProfilesUtils - Could not find an 'annotation declaring class' for annotation type [org.springframework.test.context.ActiveProfiles] and class [com.kapila.demo.StudentManagementKapilaApplicationTests]
06:41:06.078 [Test worker] DEBUG org.springframework.context.annotation.ClassPathScanningCandidateComponentProvider - Identified candidate component class: file [C:\kapila-sts-workspace\student-managment-kapila\build\classes\java\main\com\kapila\demo\StudentManagementKapilaApplication.class]
06:41:06.081 [Test worker] INFO org.springframework.boot.test.context.SpringBootTestContextBootstrapper - Found @SpringBootConfiguration com.kapila.demo.StudentManagementKapilaApplication for test class com.kapila.demo.StudentManagementKapilaApplicationTests
06:41:06.218 [Test worker] DEBUG org.springframework.boot.test.context.SpringBootTestContextBootstrapper - @TestExecutionListeners is not present for class [com.kapila.demo.StudentManagementKapilaApplicationTests]: using defaults.
06:41:06.218 [Test worker] INFO org.springframework.boot.test.context.SpringBootTestContextBootstrapper - Loaded default TestExecutionListener class names from location [META-INF/spring.factories]: [org.springframework.boot.test.autoconfigure.restdocs.RestDocsTestExecutionListener, org.springframework.boot.test.autoconfigure.web.client.MockRestServiceServerResetTestExecutionListener, org.springframework.boot.test.autoconfigure.web.servlet.MockMvcPrintOnlyOnFailureTestExecutionListener, org.springframework.boot.test.autoconfigure.web.servlet.WebDriverTestExecutionListener, org.springframework.boot.test.autoconfigure.webservices.client.MockWebServiceServerTestExecutionListener, org.springframework.boot.test.mock.mockito.MockitoTestExecutionListener, org.springframework.boot.test.mock.mockito.ResetMocksTestExecutionListener, org.springframework.test.context.web.ServletTestExecutionListener, org.springframework.test.context.support.DirtiesContextBeforeModesTestExecutionListener, org.springframework.test.context.support.DependencyInjectionTestExecutionListener, org.springframework.test.context.support.DirtiesContextTestExecutionListener, org.springframework.test.context.transaction.TransactionalTestExecutionListener, org.springframework.test.context.jdbc.SqlScriptsTestExecutionListener, org.springframework.test.context.event.EventPublishingTestExecutionListener]
06:41:06.237 [Test worker] INFO org.springframework.boot.test.context.SpringBootTestContextBootstrapper - Using TestExecutionListeners: [org.springframework.test.context.web.ServletTestExecutionListener@cc1b6fb, org.springframework.test.context.support.DirtiesContextBeforeModesTestExecutionListener@51046652, org.springframework.boot.test.mock.mockito.MockitoTestExecutionListener@d9e632d, org.springframework.boot.test.autoconfigure.SpringBootDependencyInjectionTestExecutionListener@4e5d778a, org.springframework.test.context.support.DirtiesContextTestExecutionListener@4faa76d4, org.springframework.test.context.transaction.TransactionalTestExecutionListener@3d6ebf85, org.springframework.test.context.jdbc.SqlScriptsTestExecutionListener@4397240e, org.springframework.test.context.event.EventPublishingTestExecutionListener@6653fad1, org.springframework.boot.test.autoconfigure.restdocs.RestDocsTestExecutionListener@7a532c19, org.springframework.boot.test.autoconfigure.web.client.MockRestServiceServerResetTestExecutionListener@32093641, org.springframework.boot.test.autoconfigure.web.servlet.MockMvcPrintOnlyOnFailureTestExecutionListener@48c4d35a, org.springframework.boot.test.autoconfigure.web.servlet.WebDriverTestExecutionListener@31382de1, org.springframework.boot.test.autoconfigure.webservices.client.MockWebServiceServerTestExecutionListener@5268fc3b, org.springframework.boot.test.mock.mockito.ResetMocksTestExecutionListener@29a87309]
06:41:06.242 [Test worker] DEBUG org.springframework.test.context.support.AbstractDirtiesContextTestExecutionListener - Before test class: context [DefaultTestContext@457306dc testClass = StudentManagementKapilaApplicationTests, testInstance = [null], testMethod = [null], testException = [null], mergedContextConfiguration = [WebMergedContextConfiguration@36f5b952 testClass = StudentManagementKapilaApplicationTests, locations = '{}', classes = '{class com.kapila.demo.StudentManagementKapilaApplication}', contextInitializerClasses = '[]', activeProfiles = '{}', propertySourceLocations = '{}', propertySourceProperties = '{org.springframework.boot.test.context.SpringBootTestContextBootstrapper=true}', contextCustomizers = set[org.springframework.boot.test.autoconfigure.actuate.metrics.MetricsExportContextCustomizerFactory$DisableMetricExportContextCustomizer@709ebb61, org.springframework.boot.test.autoconfigure.properties.PropertyMappingContextCustomizer@0, org.springframework.boot.test.autoconfigure.web.servlet.WebDriverContextCustomizerFactory$Customizer@5621359c, org.springframework.boot.test.context.filter.ExcludeFilterContextCustomizer@1ba32456, org.springframework.boot.test.json.DuplicateJsonObjectContextCustomizerFactory$DuplicateJsonObjectContextCustomizer@54d906ef, org.springframework.boot.test.mock.mockito.MockitoContextCustomizer@0, org.springframework.boot.test.web.client.TestRestTemplateContextCustomizer@3eda7f6d, org.springframework.boot.test.web.reactive.server.WebTestClientContextCustomizer@7794c322, org.springframework.boot.test.context.SpringBootTestArgs@1, org.springframework.boot.test.context.SpringBootTestWebEnvironment@31f139f5], resourceBasePath = 'src/main/webapp', contextLoader = 'org.springframework.boot.test.context.SpringBootContextLoader', parent = [null]], attributes = map['org.springframework.test.context.web.ServletTestExecutionListener.activateListener' -> true]], class annotated with @DirtiesContext [false] with mode [null].
06:41:06.296 [Test worker] DEBUG org.springframework.test.context.support.TestPropertySourceUtils - Adding inlined properties to environment: {spring.jmx.enabled=false, org.springframework.boot.test.context.SpringBootTestContextBootstrapper=true}

  .   ____          _            __ _ _
 /\\ / ___'_ __ _ _(_)_ __  __ _ \ \ \ \
( ( )\___ | '_ | '_| | '_ \/ _` | \ \ \ \
 \\/  ___)| |_)| | | | | || (_| |  ) ) ) )
  '  |____| .__|_| |_|_| |_\__, | / / / /
 =========|_|==============|___/=/_/_/_/
 :: Spring Boot ::                (v2.4.0)

2020-12-08 06:41:06.629  INFO 4292 --- [    Test worker] .StudentManagementKapilaApplicationTests : Starting StudentManagementKapilaApplicationTests using Java 15 on SLL013517 with PID 4292 (started by kapila_silwathge in C:\kapila-sts-workspace\student-managment-kapila)
2020-12-08 06:41:06.633  INFO 4292 --- [    Test worker] .StudentManagementKapilaApplicationTests : No active profile set, falling back to default profiles: default
2020-12-08 06:41:07.738  INFO 4292 --- [    Test worker] .s.d.r.c.RepositoryConfigurationDelegate : Bootstrapping Spring Data MongoDB repositories in DEFAULT mode.
2020-12-08 06:41:07.814  INFO 4292 --- [    Test worker] .s.d.r.c.RepositoryConfigurationDelegate : Finished Spring Data repository scanning in 71 ms. Found 1 MongoDB repository interfaces.
2020-12-08 06:41:08.251  INFO 4292 --- [    Test worker] org.mongodb.driver.cluster               : Cluster created with settings {hosts=[127.0.0.1:27017], mode=SINGLE, requiredClusterType=UNKNOWN, serverSelectionTimeout='30000 ms'}
2020-12-08 06:41:08.337  INFO 4292 --- [127.0.0.1:27017] org.mongodb.driver.connection            : Opened connection [connectionId{localValue:2, serverValue:289}] to 127.0.0.1:27017
2020-12-08 06:41:08.337  INFO 4292 --- [127.0.0.1:27017] org.mongodb.driver.connection            : Opened connection [connectionId{localValue:1, serverValue:288}] to 127.0.0.1:27017
2020-12-08 06:41:08.338  INFO 4292 --- [127.0.0.1:27017] org.mongodb.driver.cluster               : Monitor thread successfully connected to server with description ServerDescription{address=127.0.0.1:27017, type=STANDALONE, state=CONNECTED, ok=true, minWireVersion=0, maxWireVersion=9, maxDocumentSize=16777216, logicalSessionTimeoutMinutes=30, roundTripTimeNanos=29634100}
2020-12-08 06:41:09.485  INFO 4292 --- [    Test worker] o.s.s.concurrent.ThreadPoolTaskExecutor  : Initializing ExecutorService 'applicationTaskExecutor'
2020-12-08 06:41:10.163  INFO 4292 --- [    Test worker] o.s.b.a.e.web.EndpointLinksResolver      : Exposing 2 endpoint(s) beneath base path '/actuator'
2020-12-08 06:41:10.232  INFO 4292 --- [    Test worker] .StudentManagementKapilaApplicationTests : Started StudentManagementKapilaApplicationTests in 3.926 seconds (JVM running for 5.628)
hi i am test
]]></system-out>
  <system-err><![CDATA[]]></system-err>
</testsuite>
